<?xml version="1.0" encoding="utf-8"?>
<!-- 
   Copyright 2012,2015 the original author or authors. All rights reserved.
   site: http://www.ganshane.com
-->

<hall_v62>
   <host>10.1.6.119</host>
   <port>6898</port>
   <user>afisadmin</user>
   <template_finger_table>
      <database_id>1</database_id>
      <table_id>2</table_id>
   </template_finger_table>
   <latent_finger_table>
      <database_id>2</database_id>
      <table_id>2</table_id>
   </latent_finger_table>
   <case_table>
      <database_id>2</database_id>
      <table_id>4</table_id>
   </case_table>
</hall_v62>
