<?xml version="1.0" encoding="utf-8"?>
<!-- 
   Copyright 2012,2015 the original author or authors. All rights reserved.
   site: http://www.ganshane.com
-->

<hall_v70>
    <api>
      <database>
          <!--<driver>com.mysql.jdbc.Driver</driver>-->
          <!--<driver>org.h2.Driver</driver>-->
          <!--<user>root</user>-->
          <!--<url>jdbc:h2:mem:hall</url>-->
          <!--<url>jdbc:h2:file:~/h2_db/hall</url>-->

          <driver>oracle.jdbc.driver.OracleDriver</driver>
          <user>gafis</user>
          <password>gafis</password>
          <url>jdbc:oracle:thin:@127.0.0.1:1521:xe</url>
      </database>
    </api>
    <sync62_cron>0 0 * * * ? *</sync62_cron>
</hall_v70>
