<?xml version="1.0" encoding="utf-8"?>
<!-- 
   Copyright 2012,2015 the original author or authors. All rights reserved.
   site: http://www.ganshane.com
-->

<hall_v70>
      <database>
          <!--<driver>com.mysql.jdbc.Driver</driver>-->
          <!--<driver>org.h2.Driver</driver>-->
          <!--<user>root</user>-->
          <!--<url>jdbc:h2:mem:hall</url>-->
          <!--<url>jdbc:h2:file:~/h2_db/hall</url>-->

        <driver>oracle.jdbc.driver.OracleDriver</driver>
        <user>gafis_gz</user>
        <password>gafis</password>
        <url>jdbc:oracle:thin:@192.168.1.213:1521:oragafis</url>
    </database>
    <cron>
        <sync_dict_cron>0 0 * * * ? *</sync_dict_cron>
        <query_7to6_cron>0 0 * * * ? *</query_7to6_cron>
    </cron>
</hall_v70>
