<?xml version="1.0" encoding="utf-8"?>
<!--
   Copyright 2012,2015 the original author or authors. All rights reserved.
   site: http://www.ganshane.com
-->
<hall_v70>
    <database>
        <driver>oracle.jdbc.driver.OracleDriver</driver>
        <user>gafis7</user>
        <password>gafis</password>
        <url>jdbc:oracle:thin:@127.0.0.1:1521:xe</url>
    </database>
</hall_v70>
