<?xml version="1.0" encoding="utf-8"?>
<!--
   Copyright 2012,2015 the original author or authors. All rights reserved.
   site: http://www.ganshane.com
-->

<hall_webservice>
    <log_file>support/log/hall.webservice.log</log_file>
    <local_store_dir>support/config/local.webservice</local_store_dir>
    <web>
        <bind>0.0.0.0:8080</bind>
    </web>
    <union4pfmip>
        <cron>0/1 * * * * ? *</cron>
        <url>http://127.0.0.1:8081/ws/collectionSysPorts?wsdl</url>
        <target_namespace>http://www.egfit.com/</target_namespace>
        <user>370</user>
        <password>370</password>
        <dateLimit>2016</dateLimit>
        <TenPrintPrex>37</TenPrintPrex>
        <LatentPrex>37</LatentPrex>
    </union4pfmip>
    <hall_image_url>http://192.168.1.214:9001</hall_image_url>
    <local_tenprint_path>support/fpt</local_tenprint_path>
    <local_latent_path>support/fpt</local_latent_path>
</hall_webservice>
