<?xml version="1.0" encoding="utf-8"?>
<!--
   Copyright 2012,2015 the original author or authors. All rights reserved.
   site: http://www.ganshane.com
-->

<hall_webservice>
    <log_file>support/log/hall.webservice.log</log_file>
    <local_store_dir>support/config/local.webservice</local_store_dir>
    <web>
        <bind>0.0.0.0:8080</bind>
    </web>
    <union4pfmip>
        <cron>0/1 * * * * ? *</cron>
        <url>http://127.0.0.1:8081/ws/collectionSysPorts?wsdl</url>
        <target_namespace>http://www.egfit.com/</target_namespace>
        <user>370</user>
        <password>370</password>
        <dateLimit>2016</dateLimit>
        <TenPrintPrex>37</TenPrintPrex>
        <LatentPrex>37</LatentPrex>
    </union4pfmip>
    <handprintService>
        <cron>0 * * * * ? *</cron>
        <get_caseno_cron></get_caseno_cron>
        <url>http://localhost:8080/xckyservice_cxf/ws/FPT50HandprintService?wsdl</url>
        <target_namespace>http://xckyservice.hisign.com/</target_namespace>
        <user>AFIS_JZ</user>
        <password>AFIS_JZ</password>
        <local_store_dir>support/fpt</local_store_dir>
        <survey_v62_server>
            <app_server>
                <host>127.0.0.1</host>
                <port>6898</port>
                <user>afisadmin</user>
                <password>helloafis</password>
            </app_server>
            <survey_config>
                <unit_code>110000</unit_code>
                <start_time>2018-01-01 00:00:00</start_time>
                <end_time>2018-02-01 00:00:00</end_time>
            </survey_config>
        </survey_v62_server>
        <survey_hit_result_head_info>
            <send_unit_code>362300000000</send_unit_code>
            <send_unit_name>上饶市公安局</send_unit_name>
            <send_person_name>沈炎</send_person_name>
            <send_person_idcard>429021198503300019</send_person_idcard>
            <send_person_tel>18270338955</send_person_tel>
        </survey_hit_result_head_info>
    </handprintService>
    <hall_image_url>http://192.168.1.214:9001</hall_image_url>
    <local_tenprint_path>support/fpt</local_tenprint_path>
    <local_latent_path>support/fpt</local_latent_path>
    <local_hit_result_path>/Users/yuchen/</local_hit_result_path>
    <is_save_fpt>1</is_save_fpt>
    <template_finger_database_id>1</template_finger_database_id>
</hall_webservice>
